Arguments: 
  /Users/dpurrington/.nvm/versions/node/v8.10.0/bin/node /usr/local/Cellar/yarn/1.5.1_1/libexec/bin/yarn.js global dir

PATH: 
  /Users/dpurrington/.nvm/versions/node/v8.10.0/bin:/Library/Frameworks/Python.framework/Versions/3.7/bin:/usr/local/bin:/usr/bin:/bin:/usr/sbin:/sbin:/usr/local/go/bin:/usr/local/MacGPG2/bin:/opt/puppetlabs/bin:/usr/local/share/dotnet:/opt/X11/bin:/usr/local/git/bin

Yarn version: 
  1.5.1

Node version: 
  8.10.0

Platform: 
  darwin x64

npm manifest: 
  {
    "name": "focusbot",
    "version": "1.0.0",
    "description": "TOCOMPLETE",
    "main": "handler.js",
    "scripts": {
      "test": "mocha ./test/**/*_test.js && eslint --ignore-path .gitignore .",
      "lint": "eslint src",
      "watch": "mocha test/**/*_test.js --watch",
      "start": "nodemon handler.js",
    },
    "author": "TOCOMPLETE",
    "license": "ISC",
    "devDependencies": {
      "chai": "^4.1.2",
      "chai-as-promised": "^7.1.1",
      "eslint": "^4.12.1",
      "eslint-config-airbnb": "^16.1.0",
      "eslint-plugin-import": "^2.8.0",
      "eslint-plugin-jsx-a11y": "^6.0.2",
      "eslint-plugin-react": "^7.5.1",
      "mocha": "^4.0.1",
      "nock": "^9.1.4",
      "nodemon": "^1.12.1",
      "raw-loader": "^0.5.1",
      "serverless": "^1.24.1",
      "simple-mock": "^0.8.0"
    },
    "dependencies": {
      "@slack/client": "^3.14.2",
      "bluebird": "^3.5.1",
      "lodash.map": "^4.6.0",
      "request": "^2.79.0",
      "request-promise": "^4.2.2",
      "slack": "^9.0.9",
      "tiny-json-http": "^7.0.0",
      "winston": "^2.4.0"
    }
  }

yarn manifest: 
  No manifest

Lockfile: 
  No lockfile

Trace: 
  SyntaxError: /Users/dpurrington/code/dpurrington/focusbot/package.json: Unexpected token } in JSON at position 305
      at JSON.parse (<anonymous>)
      at /usr/local/Cellar/yarn/1.5.1_1/libexec/lib/cli.js:1036:59
      at Generator.next (<anonymous>)
      at step (/usr/local/Cellar/yarn/1.5.1_1/libexec/lib/cli.js:98:30)
      at /usr/local/Cellar/yarn/1.5.1_1/libexec/lib/cli.js:109:13
      at <anonymous>
